INFO  Current Time: 02 December 2021 13:30:27 GMT
INFO  User Name: sukgeb1\sukgeb
INFO  Source Metadata Server: sukgeb1.emea.sas.com (Port: 8561)
INFO  Filtering on object names containing "JOB001_READ_CSV".
INFO  ******** Analyzing Objects ********
INFO  ******** Starting Export Process ********
INFO  Running batch process.
INFO  Exporting objects to package: C:\temp\SPK\User Folders\sasadm\Jobs\JOB001_READ_CSV.spk
INFO  Exporting the following objects: 
1 Folder object:
   /User Folders/sasadm/Jobs
1 Job object:
   /User Folders/sasadm/Jobs/JOB001_READ_CSV

INFO  ******** Exporting Metadata ********
INFO  Metadata exported successfully.
INFO  ******** Exporting Content ********
INFO  Exporting content for Job objects.
INFO  ******** Analyzing Connections ********
INFO  Analyzing metadata for job "JOB001_READ_CSV"
INFO  The following connections will need to be mapped to target values when this package is imported:
1 User mapping:
   - sasadm

3 User Group mappings:
   - PUBLIC
   - SASAdministrators
   - SAS System Services

1 Access Control Template mapping:
   - Private User Folder ACT

1 Table mapping:
   - CARS

1 External file mapping:
   - Cars

INFO  ******** Exporting Properties ********
INFO  ******** Creating Package ********
INFO  Generating substitution properties file.
INFO  Created substitution properties file "\temp\SPK\User Folders\sasadm\Jobs\JOB001_READ_CSV.subprop".
INFO  Total time to run the export process: 2.25 seconds.
